&d{yyyy-MM-dd HH:mm:ss} INFO  TestBase:18 - before test
&d{yyyy-MM-dd HH:mm:ss} INFO  TestBase:24 - ---------Test Started
&d{yyyy-MM-dd HH:mm:ss} INFO  TestBase:31 - Driver Quiting
2017-08-13 22:28:42 INFO  TestBase:18 - before test
2017-08-13 22:28:42 INFO  TestBase:24 - ---------Test Started
2017-08-13 22:28:46 INFO  TestBase:31 - Driver Quiting
2017-08-13 22:37:42 INFO  TestBase:18 - before test
2017-08-13 22:37:42 INFO  TestBase:24 - ---------Test Started
2017-08-13 22:37:47 INFO  TestBase:31 - Driver Quiting
2017-08-13 22:41:43 INFO  TestBase:18 - before test
2017-08-13 22:41:43 INFO  TestBase:24 - ---------Test Started
2017-08-13 22:41:48 INFO  TestBase:31 - Driver Quiting
2017-08-20 19:53:54 INFO  TestBase:18 - before test
2017-08-20 19:53:54 INFO  TestBase:24 - ---------Test Started
2017-08-20 19:53:59 INFO  TestBase:31 - Driver Quiting
2017-08-20 21:28:34 INFO  TestBase:18 - before test
2017-08-20 21:28:34 INFO  TestBase:24 - ---------Test Started
2017-08-20 21:28:38 INFO  TestBase:31 - Driver Quiting
2017-08-20 22:25:33 INFO  TestBase:18 - before test
2017-08-20 22:25:33 INFO  TestBase:35 - Driver Quiting
2017-08-20 22:30:40 INFO  TestBase:18 - before test
2017-08-20 22:30:42 INFO  TestBase:35 - Driver Quiting
2017-08-20 22:33:42 INFO  TestBase:18 - before test
2017-08-20 22:33:43 INFO  TestBase:33 - Driver Quiting
2017-08-20 22:38:13 INFO  TestBase:18 - before test
2017-08-20 22:38:14 INFO  TestBase:35 - Driver Quiting
2017-08-20 22:39:37 INFO  TestBase:18 - before test
2017-08-20 22:39:38 INFO  TestBase:33 - Driver Quiting
2017-08-21 00:05:46 INFO  TestBase:23 - before test
2017-08-21 00:05:46 INFO  TestBase:29 - ---------Test Started
2017-08-21 00:05:46 INFO  TestBase:36 - Driver Quiting
2017-08-21 00:07:29 INFO  TestBase:23 - before test
2017-08-21 00:07:29 INFO  TestBase:29 - ---------Test Started
2017-08-21 00:07:29 INFO  TestBase:36 - Driver Quiting
2017-08-21 00:08:30 INFO  TestBase:23 - before test
2017-08-21 00:08:30 INFO  TestBase:29 - ---------Test Started
2017-08-21 00:08:30 INFO  TestBase:36 - Driver Quiting
2017-08-21 00:09:58 INFO  TestBase:23 - before test
2017-08-21 00:09:58 INFO  TestBase:29 - ---------Test Started
2017-08-21 00:09:58 INFO  TestBase:36 - Driver Quiting
2017-08-21 00:19:59 INFO  TestBase:23 - before test
2017-08-21 00:19:59 INFO  TestBase:29 - ---------Test Started
2017-08-21 00:19:59 INFO  TestBase:36 - Driver Quiting
2017-08-21 00:22:47 INFO  TestBase:23 - before test
2017-08-21 00:22:47 INFO  TestBase:29 - ---------Test Started
2017-08-21 00:22:47 INFO  TestBase:36 - Driver Quiting
2017-08-21 00:27:01 INFO  TestBase:23 - before test
2017-08-21 00:27:01 INFO  TestBase:29 - ---------Test Started
2017-08-21 00:35:33 INFO  TestBase:23 - before test
2017-08-21 00:35:33 INFO  TestBase:29 - ---------Test Started
2017-08-21 00:36:17 INFO  TestBase:36 - Driver Quiting
2017-08-21 00:39:33 INFO  TestBase:23 - before test
2017-08-21 00:39:43 INFO  TestBase:29 - ---------Test Started
2017-08-21 00:45:06 INFO  TestBase:23 - before test
2017-08-21 00:45:06 INFO  TestBase:29 - ---------Test Started
2017-08-21 00:45:06 INFO  TestBase:36 - Driver Quiting
2017-08-21 00:47:19 INFO  TestBase:23 - before test
2017-08-21 00:48:10 INFO  TestBase:29 - ---------Test Started
2017-08-21 00:50:43 INFO  TestBase:23 - before test
2017-08-21 00:50:43 INFO  TestBase:29 - ---------Test Started
2017-08-21 00:50:48 INFO  TestBase:36 - Driver Quiting
2017-08-21 00:51:20 INFO  TestBase:23 - before test
2017-08-21 00:51:20 INFO  TestBase:29 - ---------Test Started
2017-08-21 00:51:24 INFO  TestBase:36 - Driver Quiting
2017-08-21 00:56:29 INFO  TestBase:23 - before test
2017-08-21 01:00:08 INFO  TestBase:23 - before test
2017-08-21 01:00:08 INFO  TestBase:29 - ---------Test Started
2017-08-21 01:00:08 INFO  TestBase:36 - Driver Quiting
2017-08-21 01:01:02 INFO  TestBase:23 - before test
2017-08-21 01:01:20 INFO  TestBase:29 - ---------Test Started
2017-08-21 01:01:20 INFO  TestBase:36 - Driver Quiting
2017-08-21 01:04:37 INFO  TestBase:23 - before test
2017-08-21 01:04:37 INFO  TestBase:29 - ---------Test Started
2017-08-21 01:04:37 INFO  TestBase:36 - Driver Quiting
2017-08-22 09:26:21 INFO  TestBase:23 - before test
2017-08-22 09:26:21 INFO  TestBase:29 - ---------Test Started
2017-08-22 09:26:26 INFO  TestBase:36 - Driver Quiting
2017-08-23 23:20:17 INFO  TestBase:22 - before test
2017-08-23 23:20:18 INFO  TestBase:28 - ---------Test Started
2017-08-23 23:20:23 INFO  TestBase:35 - Driver Quiting
2017-08-23 23:21:23 INFO  TestBase:22 - before test
2017-08-23 23:21:23 INFO  TestBase:28 - ---------Test Started
2017-08-23 23:21:26 INFO  TestBase:35 - Driver Quiting
2017-08-27 21:06:38 INFO  TestBase:22 - before test
2017-08-27 21:06:38 INFO  TestBase:28 - ---------Test Started
2017-08-27 21:06:39 INFO  TestBase:35 - Driver Quiting
2017-08-27 21:08:08 INFO  TestBase:22 - before test
2017-08-27 21:08:08 INFO  TestBase:28 - ---------Test Started
2017-08-27 21:08:08 INFO  TestBase:35 - Driver Quiting
2017-08-27 21:10:48 INFO  TestBase:22 - before test
2017-08-27 21:10:48 INFO  TestBase:28 - ---------Test Started
2017-08-27 21:10:48 INFO  TestBase:35 - Driver Quiting
2017-08-27 21:15:44 INFO  TestBase:22 - before test
2017-08-27 21:15:44 INFO  TestBase:28 - ---------Test Started
2017-08-27 21:15:45 INFO  TestBase:35 - Driver Quiting
2017-08-27 21:48:55 INFO  TestBase:22 - before test
2017-08-27 21:48:56 INFO  TestBase:28 - ---------Test Started
2017-08-27 21:48:56 INFO  TestBase:35 - Driver Quiting
2017-08-27 22:25:37 INFO  TestBase:22 - before test
2017-08-27 22:25:37 INFO  TestBase:28 - ---------Test Started
2017-08-27 22:25:38 INFO  TestBase:35 - Driver Quiting
2017-08-27 22:27:24 INFO  TestBase:22 - before test
2017-08-27 22:27:24 INFO  TestBase:28 - ---------Test Started
2017-08-27 22:27:27 INFO  TestBase:35 - Driver Quiting
2017-08-27 22:29:27 INFO  TestBase:22 - before test
2017-08-27 22:29:27 INFO  TestBase:28 - ---------Test Started
2017-08-27 22:29:30 INFO  TestBase:35 - Driver Quiting
2017-08-27 22:34:12 INFO  TestBase:22 - before test
2017-08-27 22:34:12 INFO  TestBase:28 - ---------Test Started
2017-08-27 22:34:17 INFO  TestBase:35 - Driver Quiting
2017-08-27 22:39:40 INFO  TestBase:22 - before test
2017-08-27 22:39:41 INFO  TestBase:35 - Driver Quiting
2017-08-27 22:42:07 INFO  TestBase:22 - before test
2017-08-27 22:42:07 INFO  TestBase:28 - ---------Test Started
2017-08-27 22:42:12 INFO  TestBase:28 - ---------Test Started
2017-08-27 22:42:12 INFO  TestBase:28 - ---------Test Started
2017-08-27 22:42:12 INFO  TestBase:28 - ---------Test Started
2017-08-27 22:42:12 INFO  TestBase:28 - ---------Test Started
2017-08-27 22:42:12 INFO  TestBase:28 - ---------Test Started
2017-08-27 22:42:12 INFO  TestBase:28 - ---------Test Started
2017-08-27 22:42:12 INFO  TestBase:35 - Driver Quiting
2017-08-27 22:43:57 INFO  TestBase:22 - before test
2017-08-27 22:43:57 INFO  TestBase:28 - ---------Test Started
2017-08-27 22:43:59 INFO  TestBase:28 - ---------Test Started
2017-08-27 22:44:02 INFO  TestBase:28 - ---------Test Started
2017-08-27 22:44:02 INFO  TestBase:28 - ---------Test Started
2017-08-27 22:44:02 INFO  TestBase:28 - ---------Test Started
2017-08-27 22:44:02 INFO  TestBase:28 - ---------Test Started
2017-08-27 22:44:02 INFO  TestBase:28 - ---------Test Started
2017-08-27 22:44:02 INFO  TestBase:35 - Driver Quiting
2017-08-27 22:46:46 INFO  TestBase:22 - before test
2017-08-27 22:47:13 INFO  TestBase:28 - ---------Test Started
2017-08-27 22:47:46 INFO  TestBase:28 - ---------Test Started
2017-08-27 22:48:00 INFO  TestBase:28 - ---------Test Started
2017-08-27 22:48:06 INFO  TestBase:28 - ---------Test Started
2017-08-27 22:48:32 INFO  TestBase:28 - ---------Test Started
2017-08-27 22:51:51 INFO  TestBase:22 - before test
2017-08-27 22:51:51 INFO  TestBase:28 - ---------Test Started
2017-08-27 22:51:54 INFO  TestBase:28 - ---------Test Started
2017-08-27 22:51:55 INFO  TestBase:28 - ---------Test Started
2017-08-27 22:51:56 INFO  TestBase:28 - ---------Test Started
2017-08-27 22:51:58 INFO  TestBase:28 - ---------Test Started
2017-08-27 22:51:59 INFO  TestBase:28 - ---------Test Started
2017-08-27 22:52:00 INFO  TestBase:28 - ---------Test Started
2017-08-27 22:52:01 INFO  TestBase:35 - Driver Quiting
2017-08-27 22:54:39 INFO  TestBase:22 - before test
2017-08-27 22:54:39 INFO  TestBase:28 - ---------Test Started
2017-08-27 22:54:42 INFO  TestBase:28 - ---------Test Started
2017-08-27 22:54:42 INFO  TestBase:28 - ---------Test Started
2017-08-27 22:54:42 INFO  TestBase:28 - ---------Test Started
2017-08-27 22:54:42 INFO  TestBase:28 - ---------Test Started
2017-08-27 22:54:42 INFO  TestBase:28 - ---------Test Started
2017-08-27 22:54:42 INFO  TestBase:28 - ---------Test Started
2017-08-27 22:54:42 INFO  TestBase:35 - Driver Quiting
2017-08-27 23:02:35 INFO  TestBase:22 - before test
2017-08-27 23:02:35 INFO  TestBase:28 - ---------Test Started
2017-08-27 23:02:38 INFO  TestBase:28 - ---------Test Started
2017-08-27 23:02:38 INFO  TestBase:28 - ---------Test Started
2017-08-27 23:02:38 INFO  TestBase:28 - ---------Test Started
2017-08-27 23:02:38 INFO  TestBase:28 - ---------Test Started
2017-08-27 23:02:39 INFO  TestBase:28 - ---------Test Started
2017-08-27 23:02:39 INFO  TestBase:28 - ---------Test Started
2017-08-27 23:02:39 INFO  TestBase:35 - Driver Quiting
2017-08-27 23:04:51 INFO  TestBase:22 - before test
2017-08-27 23:04:52 INFO  TestBase:28 - ---------Test Started
2017-08-27 23:04:57 INFO  TestBase:28 - ---------Test Started
2017-08-27 23:04:57 INFO  TestBase:28 - ---------Test Started
2017-08-27 23:04:57 INFO  TestBase:28 - ---------Test Started
2017-08-27 23:04:57 INFO  TestBase:28 - ---------Test Started
2017-08-27 23:04:58 INFO  TestBase:28 - ---------Test Started
2017-08-27 23:04:58 INFO  TestBase:28 - ---------Test Started
2017-08-27 23:04:58 INFO  TestBase:35 - Driver Quiting
2017-08-27 23:06:34 INFO  TestBase:22 - before test
2017-08-27 23:06:35 INFO  TestBase:28 - ---------Test Started
2017-08-27 23:06:40 INFO  TestBase:28 - ---------Test Started
2017-08-27 23:06:40 INFO  TestBase:28 - ---------Test Started
2017-08-27 23:06:40 INFO  TestBase:28 - ---------Test Started
2017-08-27 23:06:40 INFO  TestBase:28 - ---------Test Started
2017-08-27 23:06:40 INFO  TestBase:28 - ---------Test Started
2017-08-27 23:06:40 INFO  TestBase:28 - ---------Test Started
2017-08-27 23:06:40 INFO  TestBase:35 - Driver Quiting
2017-08-27 23:08:11 INFO  TestBase:22 - before test
2017-08-27 23:08:12 INFO  TestBase:28 - ---------Test Started
2017-08-27 23:08:16 INFO  TestBase:28 - ---------Test Started
2017-08-27 23:08:20 INFO  TestBase:28 - ---------Test Started
2017-08-27 23:08:22 INFO  TestBase:28 - ---------Test Started
2017-08-27 23:08:25 INFO  TestBase:28 - ---------Test Started
2017-08-27 23:08:27 INFO  TestBase:28 - ---------Test Started
2017-08-27 23:08:30 INFO  TestBase:28 - ---------Test Started
2017-08-27 23:08:32 INFO  TestBase:35 - Driver Quiting
2017-08-27 23:10:28 INFO  TestBase:22 - before test
2017-08-27 23:10:29 INFO  TestBase:35 - Driver Quiting
2017-08-27 23:12:14 INFO  TestBase:22 - before test
2017-08-27 23:12:15 INFO  TestBase:28 - ---------Test Started
2017-08-27 23:12:23 INFO  TestBase:28 - ---------Test Started
2017-08-27 23:12:25 INFO  TestBase:28 - ---------Test Started
2017-08-27 23:12:28 INFO  TestBase:28 - ---------Test Started
2017-08-27 23:12:30 INFO  TestBase:28 - ---------Test Started
2017-08-27 23:12:33 INFO  TestBase:28 - ---------Test Started
2017-08-27 23:12:35 INFO  TestBase:28 - ---------Test Started
2017-08-27 23:12:36 INFO  TestBase:28 - ---------Test Started
2017-08-27 23:12:36 INFO  TestBase:35 - Driver Quiting
2017-08-27 23:20:00 INFO  TestBase:22 - before test
2017-08-27 23:20:00 INFO  TestBase:28 - ---------Test Started
2017-08-27 23:20:05 INFO  TestBase:28 - ---------Test Started
2017-08-27 23:20:07 INFO  TestBase:28 - ---------Test Started
2017-08-27 23:20:10 INFO  TestBase:28 - ---------Test Started
2017-08-27 23:20:12 INFO  TestBase:28 - ---------Test Started
2017-08-27 23:20:15 INFO  TestBase:28 - ---------Test Started
2017-08-27 23:20:17 INFO  TestBase:35 - Driver Quiting
2017-08-27 23:22:51 INFO  TestBase:22 - before test
2017-08-27 23:22:52 INFO  TestBase:28 - ---------Test Started
2017-08-27 23:22:56 INFO  TestBase:28 - ---------Test Started
2017-08-27 23:22:59 INFO  TestBase:28 - ---------Test Started
2017-08-27 23:23:01 INFO  TestBase:28 - ---------Test Started
2017-08-27 23:23:04 INFO  TestBase:28 - ---------Test Started
2017-08-27 23:23:07 INFO  TestBase:28 - ---------Test Started
2017-08-27 23:23:09 INFO  TestBase:28 - ---------Test Started
2017-08-27 23:23:15 INFO  TestBase:35 - Driver Quiting
2017-08-27 23:25:14 INFO  TestBase:22 - before test
2017-08-27 23:25:15 INFO  TestBase:28 - ---------Test Started
2017-08-27 23:25:20 INFO  TestBase:28 - ---------Test Started
2017-08-27 23:25:23 INFO  TestBase:28 - ---------Test Started
2017-08-27 23:25:26 INFO  TestBase:28 - ---------Test Started
2017-08-27 23:25:28 INFO  TestBase:28 - ---------Test Started
2017-08-27 23:25:31 INFO  TestBase:28 - ---------Test Started
2017-08-27 23:25:34 INFO  TestBase:28 - ---------Test Started
2017-08-27 23:25:37 INFO  TestBase:28 - ---------Test Started
2017-08-27 23:25:40 INFO  TestBase:28 - ---------Test Started
2017-08-27 23:25:43 INFO  TestBase:28 - ---------Test Started
2017-08-27 23:25:46 INFO  TestBase:35 - Driver Quiting
2017-08-27 23:42:22 INFO  TestBase:22 - before test
2017-08-27 23:42:23 INFO  TestBase:28 - ---------Test Started
2017-08-27 23:42:30 INFO  TestBase:28 - ---------Test Started
2017-08-27 23:42:34 INFO  TestBase:28 - ---------Test Started
2017-08-27 23:42:38 INFO  TestBase:28 - ---------Test Started
2017-08-27 23:42:42 INFO  TestBase:28 - ---------Test Started
2017-08-27 23:42:46 INFO  TestBase:28 - ---------Test Started
2017-08-27 23:42:50 INFO  TestBase:28 - ---------Test Started
2017-08-27 23:42:55 INFO  TestBase:28 - ---------Test Started
2017-08-27 23:42:59 INFO  TestBase:28 - ---------Test Started
2017-08-27 23:43:03 INFO  TestBase:28 - ---------Test Started
2017-08-27 23:43:07 INFO  TestBase:35 - Driver Quiting
2017-08-27 23:46:48 INFO  TestBase:23 - before test
2017-08-27 23:46:48 INFO  TestBase:32 - ---------Test Started
2017-08-27 23:46:54 INFO  TestBase:32 - ---------Test Started
2017-08-27 23:46:58 INFO  TestBase:32 - ---------Test Started
2017-08-27 23:47:02 INFO  TestBase:32 - ---------Test Started
2017-08-27 23:47:07 INFO  TestBase:32 - ---------Test Started
2017-08-27 23:47:11 INFO  TestBase:32 - ---------Test Started
2017-08-27 23:47:15 INFO  TestBase:32 - ---------Test Started
2017-08-27 23:47:19 INFO  TestBase:32 - ---------Test Started
2017-08-27 23:47:23 INFO  TestBase:32 - ---------Test Started
2017-08-27 23:47:27 INFO  TestBase:39 - Driver Quiting
2017-08-28 00:53:34 INFO  TestBase:22 - before test
2017-08-28 00:53:35 INFO  TestBase:31 - ---------Test Started
2017-08-28 00:53:43 INFO  TestBase:31 - ---------Test Started
2017-08-28 00:53:48 INFO  TestBase:31 - ---------Test Started
2017-08-28 00:53:52 INFO  TestBase:31 - ---------Test Started
2017-08-28 00:53:57 INFO  TestBase:31 - ---------Test Started
2017-08-28 00:54:01 INFO  TestBase:31 - ---------Test Started
2017-08-28 00:54:08 INFO  TestBase:31 - ---------Test Started
2017-08-28 00:54:13 INFO  TestBase:31 - ---------Test Started
2017-08-28 00:54:20 INFO  TestBase:31 - ---------Test Started
2017-08-28 00:54:25 INFO  TestBase:38 - Driver Quiting
2017-08-28 00:56:25 INFO  TestBase:22 - before test
2017-08-28 00:56:25 INFO  TestBase:31 - ---------Test Started
2017-08-28 00:56:34 INFO  TestBase:31 - ---------Test Started
2017-08-28 00:56:40 INFO  TestBase:31 - ---------Test Started
2017-08-28 00:56:46 INFO  TestBase:31 - ---------Test Started
2017-08-28 00:56:51 INFO  TestBase:31 - ---------Test Started
2017-08-28 00:56:56 INFO  TestBase:31 - ---------Test Started
2017-08-28 00:57:01 INFO  TestBase:31 - ---------Test Started
2017-08-28 00:57:06 INFO  TestBase:31 - ---------Test Started
2017-08-28 00:57:11 INFO  TestBase:31 - ---------Test Started
2017-08-28 00:57:27 INFO  TestBase:38 - Driver Quiting
2017-08-28 01:00:13 INFO  TestBase:22 - before test
2017-08-28 01:00:14 INFO  TestBase:31 - ---------Test Started
2017-08-28 01:00:19 INFO  TestBase:31 - ---------Test Started
2017-08-28 01:00:24 INFO  TestBase:31 - ---------Test Started
2017-08-28 01:00:28 INFO  TestBase:31 - ---------Test Started
2017-08-28 01:00:31 INFO  TestBase:31 - ---------Test Started
2017-08-28 01:00:35 INFO  TestBase:31 - ---------Test Started
2017-08-28 01:00:39 INFO  TestBase:31 - ---------Test Started
2017-08-28 01:00:43 INFO  TestBase:31 - ---------Test Started
2017-08-28 01:00:47 INFO  TestBase:31 - ---------Test Started
2017-08-28 01:00:53 INFO  TestBase:37 - Driver Quiting
2017-08-28 01:04:39 INFO  TestBase:22 - before test
2017-08-28 01:04:40 INFO  TestBase:31 - ---------Test Started
2017-08-28 01:04:48 INFO  TestBase:31 - ---------Test Started
2017-08-28 01:04:53 INFO  TestBase:31 - ---------Test Started
2017-08-28 01:04:57 INFO  TestBase:31 - ---------Test Started
2017-08-28 01:05:01 INFO  TestBase:31 - ---------Test Started
2017-08-28 01:05:05 INFO  TestBase:31 - ---------Test Started
2017-08-28 01:05:09 INFO  TestBase:31 - ---------Test Started
2017-08-28 01:05:14 INFO  TestBase:31 - ---------Test Started
2017-08-28 01:05:18 INFO  TestBase:31 - ---------Test Started
2017-08-28 01:05:22 INFO  TestBase:37 - Driver Quiting
2017-08-28 01:07:13 INFO  TestBase:22 - before test
2017-08-28 01:07:13 INFO  TestBase:31 - ---------Test Started
2017-08-28 01:07:21 INFO  TestBase:31 - ---------Test Started
2017-08-28 01:07:26 INFO  TestBase:31 - ---------Test Started
2017-08-28 01:07:30 INFO  TestBase:31 - ---------Test Started
2017-08-28 01:07:35 INFO  TestBase:31 - ---------Test Started
2017-08-28 01:07:39 INFO  TestBase:31 - ---------Test Started
2017-08-28 01:07:44 INFO  TestBase:31 - ---------Test Started
2017-08-28 01:07:48 INFO  TestBase:31 - ---------Test Started
2017-08-28 01:07:53 INFO  TestBase:31 - ---------Test Started
2017-08-28 01:08:00 INFO  TestBase:37 - Driver Quiting
2017-08-28 01:09:59 INFO  TestBase:22 - before test
2017-08-28 01:10:23 INFO  TestBase:31 - ---------Test Started
2017-08-28 01:11:43 INFO  TestBase:31 - ---------Test Started
2017-08-28 01:12:12 INFO  TestBase:31 - ---------Test Started
2017-08-28 01:17:29 INFO  TestBase:22 - before test
2017-08-28 01:17:30 INFO  TestBase:31 - ---------Test Started
2017-08-28 01:17:30 INFO  TestBase:31 - ---------Test Started
2017-08-28 01:17:30 INFO  TestBase:31 - ---------Test Started
2017-08-28 01:17:30 INFO  TestBase:31 - ---------Test Started
2017-08-28 01:17:30 INFO  TestBase:31 - ---------Test Started
2017-08-28 01:17:30 INFO  TestBase:31 - ---------Test Started
2017-08-28 01:17:30 INFO  TestBase:31 - ---------Test Started
2017-08-28 01:17:30 INFO  TestBase:31 - ---------Test Started
2017-08-28 01:17:30 INFO  TestBase:31 - ---------Test Started
2017-08-28 01:17:30 INFO  TestBase:37 - Driver Quiting
2017-08-28 01:25:03 INFO  TestBase:22 - before test
2017-08-28 01:25:04 INFO  TestBase:31 - ---------Test Started
2017-08-28 01:25:12 INFO  TestBase:31 - ---------Test Started
2017-08-28 01:25:18 INFO  TestBase:31 - ---------Test Started
2017-08-28 01:25:25 INFO  TestBase:31 - ---------Test Started
2017-08-28 01:25:33 INFO  TestBase:31 - ---------Test Started
2017-08-28 01:25:39 INFO  TestBase:31 - ---------Test Started
2017-08-28 01:25:46 INFO  TestBase:31 - ---------Test Started
2017-08-28 01:25:54 INFO  TestBase:31 - ---------Test Started
2017-08-28 01:26:00 INFO  TestBase:31 - ---------Test Started
2017-08-28 01:26:07 INFO  TestBase:37 - Driver Quiting
2017-08-28 01:28:35 INFO  TestBase:22 - before test
2017-08-28 01:28:45 INFO  TestBase:31 - ---------Test Started
2017-08-28 01:40:12 INFO  TestBase:22 - before test
2017-08-28 01:40:13 INFO  TestBase:31 - ---------Test Started
2017-08-28 01:41:55 INFO  TestBase:31 - ---------Test Started
2017-08-28 01:42:06 INFO  TestBase:31 - ---------Test Started
2017-08-28 01:42:11 INFO  TestBase:31 - ---------Test Started
2017-08-28 01:42:16 INFO  TestBase:31 - ---------Test Started
2017-08-28 01:42:20 INFO  TestBase:31 - ---------Test Started
2017-08-28 01:42:25 INFO  TestBase:31 - ---------Test Started
2017-08-28 01:42:30 INFO  TestBase:31 - ---------Test Started
2017-08-28 01:42:38 INFO  TestBase:31 - ---------Test Started
2017-08-28 01:42:43 INFO  TestBase:38 - Driver Quiting
2017-08-28 10:24:45 INFO  TestBase:22 - before test
2017-08-28 10:24:46 INFO  TestBase:31 - ---------Test Started
2017-08-28 10:24:53 INFO  TestBase:31 - ---------Test Started
2017-08-28 10:24:57 INFO  TestBase:31 - ---------Test Started
2017-08-28 10:25:01 INFO  TestBase:31 - ---------Test Started
2017-08-28 10:25:05 INFO  TestBase:31 - ---------Test Started
2017-08-28 10:25:09 INFO  TestBase:31 - ---------Test Started
2017-08-28 10:25:13 INFO  TestBase:31 - ---------Test Started
2017-08-28 10:25:17 INFO  TestBase:31 - ---------Test Started
2017-08-28 10:25:20 INFO  TestBase:31 - ---------Test Started
2017-08-28 10:25:24 INFO  TestBase:38 - Driver Quiting
2017-08-28 10:27:36 INFO  TestBase:22 - before test
2017-08-28 10:27:37 INFO  TestBase:31 - ---------Test Started
2017-08-28 10:27:43 INFO  TestBase:31 - ---------Test Started
2017-08-28 10:27:47 INFO  TestBase:31 - ---------Test Started
2017-08-28 10:27:51 INFO  TestBase:31 - ---------Test Started
2017-08-28 10:27:56 INFO  TestBase:31 - ---------Test Started
2017-08-28 10:28:00 INFO  TestBase:31 - ---------Test Started
2017-08-28 10:28:04 INFO  TestBase:31 - ---------Test Started
2017-08-28 10:28:08 INFO  TestBase:31 - ---------Test Started
2017-08-28 10:28:12 INFO  TestBase:31 - ---------Test Started
2017-08-28 10:28:16 INFO  TestBase:38 - Driver Quiting
2017-08-28 10:39:24 INFO  TestBase:22 - before test
2017-08-28 10:39:26 INFO  TestBase:31 - ---------Test Started
2017-08-28 10:39:33 INFO  TestBase:31 - ---------Test Started
2017-08-28 10:39:36 INFO  TestBase:31 - ---------Test Started
2017-08-28 10:39:40 INFO  TestBase:31 - ---------Test Started
2017-08-28 10:39:44 INFO  TestBase:31 - ---------Test Started
2017-08-28 10:39:48 INFO  TestBase:31 - ---------Test Started
2017-08-28 10:39:53 INFO  TestBase:31 - ---------Test Started
2017-08-28 10:39:58 INFO  TestBase:31 - ---------Test Started
2017-08-28 10:40:02 INFO  TestBase:31 - ---------Test Started
2017-08-28 10:40:06 INFO  TestBase:38 - Driver Quiting
2017-08-28 10:45:15 INFO  TestBase:22 - before test
2017-08-28 10:45:16 INFO  TestBase:31 - ---------Test Started
2017-08-28 10:45:22 INFO  TestBase:31 - ---------Test Started
2017-08-28 10:45:26 INFO  TestBase:31 - ---------Test Started
2017-08-28 10:45:29 INFO  TestBase:31 - ---------Test Started
2017-08-28 10:45:33 INFO  TestBase:31 - ---------Test Started
2017-08-28 10:45:37 INFO  TestBase:31 - ---------Test Started
2017-08-28 10:45:41 INFO  TestBase:31 - ---------Test Started
2017-08-28 10:45:45 INFO  TestBase:31 - ---------Test Started
2017-08-28 10:45:48 INFO  TestBase:31 - ---------Test Started
2017-08-28 10:45:52 INFO  TestBase:38 - Driver Quiting
2017-09-16 19:14:28 INFO  TestBase:22 - before test
2017-09-16 19:14:30 INFO  TestBase:31 - ---------Test Started
2017-09-16 19:14:47 INFO  TestBase:31 - ---------Test Started
2017-09-16 19:14:52 INFO  TestBase:31 - ---------Test Started
2017-09-16 19:14:56 INFO  TestBase:31 - ---------Test Started
2017-09-16 19:15:01 INFO  TestBase:31 - ---------Test Started
2017-09-16 19:15:05 INFO  TestBase:31 - ---------Test Started
2017-09-16 19:15:10 INFO  TestBase:31 - ---------Test Started
2017-09-16 19:15:15 INFO  TestBase:31 - ---------Test Started
2017-09-16 19:15:20 INFO  TestBase:31 - ---------Test Started
2017-09-16 19:15:25 INFO  TestBase:38 - Driver Quiting
2017-09-16 22:40:35 INFO  TestBase:22 - before test
2017-09-16 22:40:35 INFO  TestBase:31 - ---------Test Started
2017-09-16 22:40:44 INFO  TestBase:31 - ---------Test Started
2017-09-16 22:40:53 INFO  TestBase:38 - Driver Quiting
2017-09-16 22:44:03 INFO  TestBase:22 - before test
2017-09-16 22:44:04 INFO  TestBase:31 - ---------Test Started
2017-09-16 22:44:15 INFO  TestBase:31 - ---------Test Started
2017-09-16 22:44:26 INFO  TestBase:38 - Driver Quiting
2017-09-16 23:07:01 INFO  TestBase:22 - before test
2017-09-16 23:07:02 INFO  TestBase:31 - ---------Test Started
2017-09-16 23:07:09 INFO  TestBase:31 - ---------Test Started
2017-09-16 23:07:16 INFO  TestBase:38 - Driver Quiting
2017-09-17 01:11:57 INFO  TestBase:21 - before test
2017-09-17 01:15:21 INFO  TestBase:21 - before test
2017-09-17 01:15:22 INFO  TestBase:30 - ---------Test Started
2017-09-17 01:15:29 INFO  TestBase:30 - ---------Test Started
2017-09-17 01:17:30 INFO  TestBase:21 - before test
2017-09-17 01:17:30 INFO  TestBase:30 - ---------Test Started
2017-09-17 01:17:37 INFO  TestBase:30 - ---------Test Started
2017-09-17 01:17:45 INFO  TestBase:116 - Browser closed
2017-09-17 01:27:08 INFO  TestBase:21 - before test
2017-09-17 01:27:08 INFO  TestBase:30 - ---------Test Started
2017-09-17 01:27:16 INFO  TestBase:30 - ---------Test Started
2017-09-17 01:27:23 INFO  TestBase:119 - Browser closed
2017-09-17 01:29:08 INFO  TestBase:21 - before test
2017-09-17 01:29:08 INFO  TestBase:30 - ---------Test Started
2017-09-17 01:29:15 INFO  TestBase:30 - ---------Test Started
2017-09-17 01:29:22 INFO  TestBase:118 - Browser closed
2017-09-17 01:44:06 INFO  TestBase:21 - before test
2017-09-17 01:44:07 INFO  TestBase:39 - ---------Test Started
2017-09-17 01:44:14 INFO  TestBase:39 - ---------Test Started
2017-09-17 01:44:21 INFO  TestBase:118 - Browser closed
2017-09-17 01:48:38 INFO  TestBase:21 - before test
2017-09-17 01:48:39 INFO  TestBase:30 - ---------Test Started
2017-09-17 01:48:45 INFO  TestBase:30 - ---------Test Started
2017-09-17 01:48:52 INFO  TestBase:118 - Browser closed
2017-09-17 01:48:53 INFO  TestBase:49 - Launching Firefox
2017-09-17 01:48:58 INFO  TestBase:57 - Navigating Url
2017-09-17 01:49:08 INFO  TestBase:21 - before test
2017-09-17 01:49:08 INFO  TestBase:30 - ---------Test Started
2017-09-17 01:49:15 INFO  TestBase:30 - ---------Test Started
2017-09-17 01:49:22 INFO  TestBase:118 - Browser closed
2017-09-17 01:52:39 INFO  TestBase:21 - before test
2017-09-17 01:52:40 INFO  TestBase:30 - ---------Test Started
2017-09-17 01:52:47 INFO  TestBase:30 - ---------Test Started
2017-09-17 01:52:54 INFO  TestBase:121 - Browser closed
2017-09-17 01:52:54 INFO  TestBase:52 - Launching Firefox
2017-09-17 01:53:00 INFO  TestBase:60 - Navigating Url
2017-09-17 01:53:10 INFO  TestBase:21 - before test
2017-09-17 01:53:10 INFO  TestBase:30 - ---------Test Started
2017-09-17 01:53:17 INFO  TestBase:30 - ---------Test Started
2017-09-17 01:53:24 INFO  TestBase:121 - Browser closed
2017-09-17 01:57:02 INFO  TestBase:21 - before test
2017-09-17 01:57:03 INFO  TestBase:30 - ---------Test Started
2017-09-17 01:57:09 INFO  TestBase:30 - ---------Test Started
2017-09-17 01:58:18 INFO  TestBase:129 - Browser closed
2017-09-17 01:58:19 INFO  TestBase:55 - Launching Chrome
2017-09-17 01:58:25 INFO  TestBase:63 - Navigating Url
2017-09-17 01:58:35 INFO  TestBase:21 - before test
2017-09-17 01:58:35 INFO  TestBase:30 - ---------Test Started
2017-09-17 01:58:42 INFO  TestBase:30 - ---------Test Started
2017-09-17 01:58:49 INFO  TestBase:129 - Browser closed
